#
# A fatal error has been detected by the Java Runtime Environment:
#
#  EXCEPTION_ACCESS_VIOLATION (0xc0000005) at pc=0x777b60ce, pid=11432, tid=11492
#
# JRE version: 6.0_29-b11
# Java VM: Java HotSpot(TM) Client VM (20.4-b02 mixed mode windows-x86 )
# Problematic frame:
# C  [ntdll.dll+0x560ce]
#
# If you would like to submit a bug report, please visit:
#   http://java.sun.com/webapps/bugreport/crash.jsp
#

---------------  T H R E A D  ---------------

Current thread (0x01998800):  JavaThread "JDWP Transport Listener: dt_socket" daemon [_thread_in_vm, id=11492, stack(0x17d90000,0x17de0000)]

siginfo: ExceptionCode=0xc0000005, writing address 0x18150f54

Registers:
EAX=0x0000ea15, EBX=0x180dbea8, ECX=0x00008199, EDX=0x00000002
ESP=0x17ddf830, EBP=0x17ddf858, ESI=0x180dbf70, EDI=0x018c0000
EIP=0x777b60ce, EFLAGS=0x00010286

Top of Stack: (sp=0x17ddf830)
0x17ddf830:   018c0000 180dbea8 00000000 39e0c0b7
0x17ddf840:   17ddf8f4 180b3990 180a7488 180a8e68
0x17ddf850:   00003bf8 0000077f 17ddf950 777b6217
0x17ddf860:   000007ff 180dbf70 17ddf920 00000000
0x17ddf870:   601fe879 00000000 018c0000 180dbeb0
0x17ddf880:   00000015 777b5d63 777b5a70 000000c0
0x17ddf890:   000000c8 180dbeaa 180dbea8 000000c0
0x17ddf8a0:   000000c0 018c0000 018c0150 17ddf840 

Instructions: (pc=0x777b60ce)
0x777b60ae:   00 8b 45 10 c6 43 02 00 c6 43 07 00 0f b7 0e 01
0x777b60be:   08 66 8b 08 66 89 0b 66 8b 08 66 33 4f 54 8b 00
0x777b60ce:   66 89 4c c3 04 f7 47 44 00 00 00 01 75 22 8b 4f
0x777b60de:   78 8b 87 e0 00 00 00 c1 e1 03 2b c1 8d 8f 28 01 


Register to memory mapping:

EAX=0x0000ea15 is an unknown value
EBX=0x180dbea8 is an unknown value
ECX=0x00008199 is an unknown value
EDX=0x00000002 is an unknown value
ESP=0x17ddf830 is pointing into the stack for thread: 0x01998800
EBP=0x17ddf858 is pointing into the stack for thread: 0x01998800
ESI=0x180dbf70 is an unknown value
EDI=0x018c0000 is an unknown value


Stack: [0x17d90000,0x17de0000],  sp=0x17ddf830,  free space=318k
Native frames: (J=compiled Java code, j=interpreted, Vv=VM code, C=native code)
C  [ntdll.dll+0x560ce]  wcsnicmp+0x842
C  [ntdll.dll+0x56217]  wcsnicmp+0x98b
C  [ntdll.dll+0x56536]  wcsnicmp+0xcaa
C  [kernel32.dll+0x4c3d4]  HeapFree+0x14
C  [msvcr71.dll+0x218a]  free+0x39
V  [jvm.dll+0xc1eb0]
V  [jvm.dll+0x18cc9d]
C  [jdwp.dll+0x1a226]  Agent_OnLoad+0xf19b
C  [jdwp.dll+0x4472]
C  [jdwp.dll+0x17d55]  Agent_OnLoad+0xccca
V  [jvm.dll+0x140fec]
C  [msvcr71.dll+0x9565]  endthreadex+0xa0
C  [kernel32.dll+0x4ed6c]  BaseThreadInitThunk+0x12
C  [ntdll.dll+0x6377b]  RtlInitializeExceptionChain+0xef
C  [ntdll.dll+0x6374e]  RtlInitializeExceptionChain+0xc2


---------------  P R O C E S S  ---------------

Java Threads: ( => current thread )
  0x019b2000 JavaThread "Low Memory Detector" daemon [_thread_blocked, id=11520, stack(0x17fd0000,0x18020000)]
  0x019acc00 JavaThread "C1 CompilerThread0" daemon [_thread_blocked, id=11516, stack(0x17f80000,0x17fd0000)]
  0x0199b400 JavaThread "JDWP Command Reader" daemon [_thread_in_native, id=11508, stack(0x17f30000,0x17f80000)]
  0x0199a400 JavaThread "JDWP Event Helper Thread" daemon [_thread_blocked, id=11496, stack(0x17ee0000,0x17f30000)]
=>0x01998800 JavaThread "JDWP Transport Listener: dt_socket" daemon [_thread_in_vm, id=11492, stack(0x17d90000,0x17de0000)]
  0x0198b400 JavaThread "Attach Listener" daemon [_thread_blocked, id=11480, stack(0x17ca0000,0x17cf0000)]
  0x0198a800 JavaThread "Signal Dispatcher" daemon [_thread_blocked, id=11476, stack(0x17c50000,0x17ca0000)]
  0x01960800 JavaThread "Finalizer" daemon [_thread_blocked, id=11472, stack(0x17c00000,0x17c50000)]
  0x0195bc00 JavaThread "Reference Handler" daemon [_thread_blocked, id=11468, stack(0x17bb0000,0x17c00000)]
  0x018c9c00 JavaThread "main" [_thread_blocked, id=11460, stack(0x00370000,0x003c0000)]

Other Threads:
  0x01957c00 VMThread [stack: 0x17b60000,0x17bb0000] [id=11464]
  0x019cd400 WatcherThread [stack: 0x18040000,0x18090000] [id=11524]

VM state:not at safepoint (normal execution)

VM Mutex/Monitor currently owned by a thread: None

Heap
 def new generation   total 4928K, used 602K [0x03a50000, 0x03fa0000, 0x08fa0000)
  eden space 4416K,  13% used [0x03a50000, 0x03ae6b28, 0x03ea0000)
  from space 512K,   0% used [0x03ea0000, 0x03ea0000, 0x03f20000)
  to   space 512K,   0% used [0x03f20000, 0x03f20000, 0x03fa0000)
 tenured generation   total 10944K, used 0K [0x08fa0000, 0x09a50000, 0x13a50000)
   the space 10944K,   0% used [0x08fa0000, 0x08fa0000, 0x08fa0200, 0x09a50000)
 compacting perm gen  total 12288K, used 1991K [0x13a50000, 0x14650000, 0x17a50000)
   the space 12288K,  16% used [0x13a50000, 0x13c41c60, 0x13c41e00, 0x14650000)
No shared spaces configured.

Code Cache  [0x019d0000, 0x01a40000, 0x039d0000)
 total_blobs=126 nmethods=9 adapters=62 free_code_cache=33100864 largest_free_block=0

Dynamic libraries:
0x00400000 - 0x00424000 	C:\Program Files\Java\jre6\bin\javaw.exe
0x77760000 - 0x7789c000 	C:\Windows\SYSTEM32\ntdll.dll
0x77260000 - 0x77334000 	C:\Windows\system32\kernel32.dll
0x75ba0000 - 0x75bea000 	C:\Windows\system32\KERNELBASE.dll
0x76ea0000 - 0x76f40000 	C:\Windows\system32\ADVAPI32.dll
0x76a90000 - 0x76b3c000 	C:\Windows\system32\msvcrt.dll
0x75bf0000 - 0x75c09000 	C:\Windows\SYSTEM32\sechost.dll
0x771b0000 - 0x77251000 	C:\Windows\system32\RPCRT4.dll
0x77690000 - 0x77759000 	C:\Windows\system32\USER32.dll
0x76860000 - 0x768ae000 	C:\Windows\system32\GDI32.dll
0x778d0000 - 0x778da000 	C:\Windows\system32\LPK.dll
0x76f40000 - 0x76fdd000 	C:\Windows\system32\USP10.dll
0x778a0000 - 0x778bf000 	C:\Windows\system32\IMM32.DLL
0x77530000 - 0x775fc000 	C:\Windows\system32\MSCTF.dll
0x7c340000 - 0x7c396000 	C:\Program Files\Java\jre6\bin\msvcr71.dll
0x6d7f0000 - 0x6da9f000 	C:\Program Files\Java\jre6\bin\client\jvm.dll
0x73c10000 - 0x73c42000 	C:\Windows\system32\WINMM.dll
0x75820000 - 0x7586c000 	C:\Windows\system32\apphelp.dll
0x6d7a0000 - 0x6d7ac000 	C:\Program Files\Java\jre6\bin\verify.dll
0x6d320000 - 0x6d33f000 	C:\Program Files\Java\jre6\bin\java.dll
0x6d370000 - 0x6d399000 	C:\Program Files\Java\jre6\bin\jdwp.dll
0x6d690000 - 0x6d696000 	C:\Program Files\Java\jre6\bin\npt.dll
0x6d7e0000 - 0x6d7ef000 	C:\Program Files\Java\jre6\bin\zip.dll
0x6d200000 - 0x6d207000 	C:\Program Files\Java\jre6\bin\dt_socket.dll
0x768b0000 - 0x768e5000 	C:\Windows\system32\WS2_32.dll
0x778f0000 - 0x778f6000 	C:\Windows\system32\NSI.dll
0x73a20000 - 0x73a30000 	C:\Windows\system32\NLAapi.dll
0x6f220000 - 0x6f230000 	C:\Windows\system32\napinsp.dll
0x6f200000 - 0x6f212000 	C:\Windows\system32\pnrpnsp.dll
0x6f1d0000 - 0x6f1f7000 	C:\Program Files\Common Files\Microsoft Shared\Windows Live\WLIDNSP.DLL
0x778c0000 - 0x778c5000 	C:\Windows\system32\PSAPI.DLL
0x77930000 - 0x77987000 	C:\Windows\system32\SHLWAPI.dll
0x6f1a0000 - 0x6f1c1000 	C:\Program Files\Bonjour\mdnsNSP.dll
0x733e0000 - 0x733fc000 	C:\Windows\system32\Iphlpapi.DLL
0x71ee0000 - 0x71ee7000 	C:\Windows\system32\WINNSI.DLL
0x75360000 - 0x7539c000 	C:\Windows\System32\mswsock.dll
0x75220000 - 0x75264000 	C:\Windows\system32\DNSAPI.dll
0x6f190000 - 0x6f198000 	C:\Windows\System32\winrnr.dll
0x719a0000 - 0x719d8000 	C:\Windows\System32\fwpuclnt.dll
0x700f0000 - 0x700f6000 	C:\Windows\system32\rasadhlp.dll
0x74e40000 - 0x74e45000 	C:\Windows\System32\wshtcpip.dll

VM Arguments:
jvm_args: -agentlib:jdwp=transport=dt_socket,suspend=y,address=localhost:51872 -Dfile.encoding=Cp1252 
java_command: eg1 ejemplo2.js
Launcher Type: SUN_STANDARD

Environment Variables:
CLASSPATH=.;C:\Program Files\Java\jre6\lib\ext\QTJava.zip
PATH=C:/Program Files/Java/jre7/bin/client;C:/Program Files/Java/jre7/bin;C:/Program Files/Java/jre7/lib/i386;C:\Program Files\PC Connectivity Solution\;C:\Program Files\Common Files\Microsoft Shared\Windows Live;C:\Windows\system32;C:\Windows;C:\Windows\System32\Wbem;C:\Windows\System32\WindowsPowerShell\v1.0\;C:\Program Files\ATI Technologies\ATI.ACE\Core-Static;C:\Python27;C:\Program Files\Windows Live\Shared;C:\Program Files\Microsoft SQL Server\100\Tools\Binn\;C:\Program Files\Microsoft SQL Server\100\DTS\Binn\;C:\OPENCV\\bin;C:\Program Files\TortoiseSVN\bin;C:\OpenCV\bin;C:\OpenCV2.1\bin;C:\Program Files\WinMerge;C:\Program Files\MATLAB\R2012a\runtime\win32;C:\Program Files\MATLAB\R2012a\bin;C:\Program Files\QuickTime\QTSystem\;;C:\eclipse;
USERNAME=LuiXmy
OS=Windows_NT
PROCESSOR_IDENTIFIER=x86 Family 6 Model 23 Stepping 6, GenuineIntel



---------------  S Y S T E M  ---------------

OS: Windows 7 Build 7601 Service Pack 1

CPU:total 2 (2 cores per cpu, 1 threads per core) family 6 model 23 stepping 6, cmov, cx8, fxsr, mmx, sse, sse2, sse3, ssse3, sse4.1

Memory: 4k page, physical 3144984k(886844k free), swap 6288212k(821212k free)

vm_info: Java HotSpot(TM) Client VM (20.4-b02) for windows-x86 JRE (1.6.0_29-b11), built on Oct  3 2011 01:01:08 by "java_re" with MS VC++ 7.1 (VS2003)

time: Thu Aug 09 02:38:26 2012
elapsed time: 511 seconds

